<?xml version="1.0" encoding="UTF-8"?>
<!-- Generated by org.testng.reporters.JUnitReportReporter -->
<testsuite hostname="TYSS-Sumanth" failures="0" tests="1" name="TestCases.TC_E2E_07" time="28.158" errors="0" timestamp="2023-05-19T17:11:19 IST" skipped="0">
  <testcase classname="TestCases.TC_E2E_07" name="TestCase" time="28.158"/>
  <system-out>
    <![CDATA[WishList page is displayed
Cart page is displayed
Address page is displayed
Address form page is displayed
Successfully added toast message is not displayed
Payment method page is displayed
Created toast message is not displayed
Order confirmation page is displayed]]>
  </system-out>
</testsuite> <!-- TestCases.TC_E2E_07 -->
