<?xml version="1.0" encoding="UTF-8"?>
<!-- Generated by org.testng.reporters.JUnitReportReporter -->
<testsuite hostname="TYSS-Sumanth" failures="0" tests="1" name="TestCases.TC_E2E_23" time="33.639" errors="0" timestamp="2023-05-20T16:41:04 IST" skipped="0">
  <testcase classname="TestCases.TC_E2E_23" name="TestCase" time="33.639"/>
  <system-out>
    <![CDATA[WishList page is displayed
Cart page is displayed
Address page is displayed
Payment method page is displayed
Created toast message is not displayed
Order confirmation page is displayed
Order has not Confirmed and it is not displayed
Order canceled toast message is not displayed]]>
  </system-out>
</testsuite> <!-- TestCases.TC_E2E_23 -->
