<?xml version="1.0" encoding="UTF-8"?>
<!-- Generated by org.testng.reporters.JUnitReportReporter -->
<testsuite hostname="TYSS-Sumanth" failures="0" tests="1" name="TestCases.TC_E2E_17" time="16.404" errors="0" timestamp="2023-05-20T13:00:53 IST" skipped="0">
  <testcase classname="TestCases.TC_E2E_17" name="TestCase" time="16.404"/>
  <system-out>
    <![CDATA[Profile page is displayed
My Likes page is displayed
Selected items under my previous likes are : 
men-tshirt

'Success' toaster message is not displayed]]>
  </system-out>
</testsuite> <!-- TestCases.TC_E2E_17 -->
