<?xml version="1.0" encoding="UTF-8"?>
<!-- Generated by org.testng.reporters.JUnitReportReporter -->
<testsuite hostname="TYSS-Sumanth" failures="0" tests="1" name="TestCases.TC_E2E_02" time="30.821" errors="0" timestamp="2023-05-19T13:03:08 IST" skipped="0">
  <testcase classname="TestCases.TC_E2E_02" name="TestCase" time="30.821"/>
  <system-out>
    <![CDATA[Women Category page is displayed
Button text before click is Add To Cart
Button text is not Updated to Added
Cart page is displayed
Address page is displayed
Payment method page is displayed
Created toast message is not displayed
Order confirmation page is displayed]]>
  </system-out>
</testsuite> <!-- TestCases.TC_E2E_02 -->
