<?xml version="1.0" encoding="UTF-8"?>
<!-- Generated by org.testng.reporters.JUnitReportReporter -->
<testsuite hostname="TYSS-Sumanth" failures="0" tests="1" name="TestCases.TC_E2E_06" time="20.159" errors="0" timestamp="2023-05-19T16:09:27 IST" skipped="0">
  <testcase classname="TestCases.TC_E2E_06" name="TestCase" time="20.159"/>
  <system-out>
    <![CDATA[Profile page is displayed
Edit profile pop up is displayed
Alert pop up is displayed]]>
  </system-out>
</testsuite> <!-- TestCases.TC_E2E_06 -->
