<?xml version="1.0" encoding="UTF-8"?>
<!-- Generated by org.testng.reporters.JUnitReportReporter -->
<testsuite hostname="TYSS-Sumanth" failures="0" tests="1" name="TestCases.TC_E2E_13" time="11.047" errors="0" timestamp="2023-05-20T12:40:41 IST" skipped="0">
  <testcase classname="TestCases.TC_E2E_13" name="TestCase" time="11.047"/>
  <system-out>
    <![CDATA[Profile page is displayed
My Addresses page is displayed
Address form page is displayed
Successfully added toast message is not displayed
Address deleted succesfully' Confirmation dialog box is displayed]]>
  </system-out>
</testsuite> <!-- TestCases.TC_E2E_13 -->
