<?xml version="1.0" encoding="UTF-8"?>
<!-- Generated by org.testng.reporters.JUnitReportReporter -->
<testsuite hostname="TYSS-Sumanth" failures="0" tests="1" name="TestCases.TC_E2E_21" time="9.920" errors="0" timestamp="2023-05-20T16:02:38 IST" skipped="0">
  <testcase classname="TestCases.TC_E2E_21" name="TestCase" time="9.920"/>
  <system-out>
    <![CDATA[Favourite Icon color before click is rgb(192, 191, 191)
Favourite Icon color before click is rgb(192, 191, 191)
WishList page is displayed
Product added to whishlist is displayed]]>
  </system-out>
</testsuite> <!-- TestCases.TC_E2E_21 -->
