<?xml version="1.0" encoding="UTF-8"?>
<!-- Generated by org.testng.reporters.JUnitReportReporter -->
<testsuite hostname="TYSS-Sumanth" failures="0" tests="1" name="TestCases.TC_E2E_22" time="11.054" errors="0" timestamp="2023-05-20T16:13:29 IST" skipped="0">
  <testcase classname="TestCases.TC_E2E_22" name="TestCase" time="11.054"/>
  <system-out>
    <![CDATA[Favourite Icon color before click is rgb(192, 191, 191)
Favourite Icon color before click is rgb(192, 191, 191)
WishList page is displayed
Product added to whishlist is displayed
Confirmation dialog box is displayed with follwoing text : Are you sure you want to remove this product from your wishlist?
Product added to whishlist is removed]]>
  </system-out>
</testsuite> <!-- TestCases.TC_E2E_22 -->
