<?xml version="1.0" encoding="UTF-8"?>
<!-- Generated by org.testng.reporters.JUnitReportReporter -->
<testsuite hostname="TYSS-Sumanth" failures="0" tests="1" name="TestCases.TC_E2E_08" time="31.450" errors="0" timestamp="2023-05-20T11:59:13 IST" skipped="0">
  <testcase classname="TestCases.TC_E2E_08" name="TestCase" time="31.450"/>
  <system-out>
    <![CDATA[WishList page is displayed
Cart page is displayed
Address page is displayed
Address form page is displayed
Successfully added toast message is displayed
Payment method page is displayed
Created toast message is displayed
Order confirmation page is displayed
Order is Confirmed and displayed]]>
  </system-out>
</testsuite> <!-- TestCases.TC_E2E_08 -->
