<?xml version="1.0" encoding="UTF-8"?>
<!-- Generated by org.testng.reporters.JUnitReportReporter -->
<testsuite hostname="TYSS-Sumanth" failures="0" tests="1" name="TestCases.TC_E2E_01" time="15.220" errors="0" timestamp="2023-05-19T12:24:42 IST" skipped="0">
  <testcase classname="TestCases.TC_E2E_01" name="TestCase" time="15.220"/>
  <system-out>
    <![CDATA[Men Category page is displayed
Button text before click is ADD TO CART
Button text is Updated to Added
Cart page is displayed
Added product is displayed in cart]]>
  </system-out>
</testsuite> <!-- TestCases.TC_E2E_01 -->
