<?xml version="1.0" encoding="UTF-8"?>
<!-- Generated by org.testng.reporters.JUnitReportReporter -->
<testsuite hostname="TYSS-Sumanth" failures="0" tests="1" name="TestCases.TC_E2E_03" time="11.643" errors="0" timestamp="2023-05-19T13:13:28 IST" skipped="0">
  <testcase classname="TestCases.TC_E2E_03" name="TestCase" time="11.643"/>
  <system-out>
    <![CDATA[Cart page is displayed
Remove Product pop up is displayed
'Your cart is empty!' text is displayed]]>
  </system-out>
</testsuite> <!-- TestCases.TC_E2E_03 -->
