<?xml version="1.0" encoding="UTF-8"?>
<!-- Generated by org.testng.reporters.JUnitReportReporter -->
<testsuite hostname="TYSS-Sumanth" failures="0" tests="1" name="TestCases.TC_E2E_04" time="11.563" errors="0" timestamp="2023-05-23T09:25:13 IST" skipped="0">
  <testcase classname="TestCases.TC_E2E_04" name="TestCase" time="11.563"/>
  <system-out>
    <![CDATA[Profile page is displayed
My Addresses page is displayed
Address form page is displayed
Successfully added toast message is not displayed
Newly added Address is displayed in My Addresses Page]]>
  </system-out>
</testsuite> <!-- TestCases.TC_E2E_04 -->
