<?xml version="1.0" encoding="UTF-8"?>
<!-- Generated by org.testng.reporters.JUnitReportReporter -->
<testsuite hostname="TYSS-Sumanth" failures="0" tests="1" name="TestCases.TC_E2E_20" time="5.368" errors="0" timestamp="2023-05-20T15:16:52 IST" skipped="0">
  <testcase classname="TestCases.TC_E2E_20" name="TestCase" time="5.368"/>
  <system-out/>
</testsuite> <!-- TestCases.TC_E2E_20 -->
