<?xml version="1.0" encoding="UTF-8"?>
<!-- Generated by org.testng.reporters.JUnitReportReporter -->
<testsuite hostname="TYSS-Sumanth" failures="0" tests="1" name="TestCases.TC_E2E_05" time="26.344" errors="0" timestamp="2023-05-19T16:23:01 IST" skipped="0">
  <testcase classname="TestCases.TC_E2E_05" name="TestCase" time="26.344"/>
  <system-out>
    <![CDATA[Profile page is displayed
My Addresses page is displayed
Edit Address page is displayed
Successfully Updated toast message is displayed
Old phone number is updated with new Phone number in My Addresses Page]]>
  </system-out>
</testsuite> <!-- TestCases.TC_E2E_05 -->
