<?xml version="1.0" encoding="UTF-8"?>
<!-- Generated by org.testng.reporters.JUnitReportReporter -->
<testsuite hostname="TYSS-Sumanth" failures="0" tests="1" name="TestCases.TC_E2E_09" time="5.038" errors="0" timestamp="2023-05-20T12:14:58 IST" skipped="0">
  <testcase classname="TestCases.TC_E2E_09" name="TestCase" time="5.038"/>
  <system-out>
    <![CDATA[Profile page is displayed
My Likes page is displayed
Selected items under my previous likes are : 
men-tshirt
men-shirt
]]>
  </system-out>
</testsuite> <!-- TestCases.TC_E2E_09 -->
