<?xml version="1.0" encoding="UTF-8"?>
<!-- Generated by org.testng.reporters.JUnitReportReporter -->
<testsuite hostname="TYSS-Sumanth" failures="0" tests="1" name="TestCases.TC_E2E_26" time="21.958" errors="0" timestamp="2023-05-23T09:09:07 IST" skipped="0">
  <testcase classname="TestCases.TC_E2E_26" name="TestCase" time="21.958"/>
  <system-out>
    <![CDATA[Cart page is displayed
The quantity is : Qty:1
The price is : ₹704
The quantity after increasing is : Qty:2
The price after increasing is : ₹1408
The quantity after decreasing is : Qty:1
The price after decreasing is : ₹704
Remove Product pop up is displayed
'Your cart is empty!' text is displayed
Home page is displayed]]>
  </system-out>
</testsuite> <!-- TestCases.TC_E2E_26 -->
